@storybook/cli v7.0.0-beta.46

info => Cleaning outputDir: /var/folders/jk/8nkp80d91cbb54qtm_fs8r4r0000gn/T/chromatic--55099-RL8hv1651k3v
info => Loading presets
info => Building manager..
info => Manager built (161 ms)
info => Copying static files: /Users/alex/development/projects/kanban-storybook/node_modules/.pnpm/@storybook+manager@7.0.0-beta.46/node_modules/@storybook/manager/static at /var/folders/jk/8nkp80d91cbb54qtm_fs8r4r0000gn/T/chromatic--55099-RL8hv1651k3v/sb-common-assets
vite v4.1.1 building for production...

./sb-common-assets/fonts.css doesn't exist at build time, it will remain unchanged to be resolved at runtime
transforming...
✓ 616 modules transformed.
rendering chunks...
computing gzip size...
../../../../../var/folders/jk/8nkp80d91cbb54qtm_fs8r4r0000gn/T/chromatic--55099-RL8hv1651k3v/iframe.html                                          13.05 kB
../../../../../var/folders/jk/8nkp80d91cbb54qtm_fs8r4r0000gn/T/chromatic--55099-RL8hv1651k3v/assets/index-d475d2ea.js                              0.21 kB │ gzip:   0.17 kB │ map:     0.86 kB
../../../../../var/folders/jk/8nkp80d91cbb54qtm_fs8r4r0000gn/T/chromatic--55099-RL8hv1651k3v/assets/preview-04419daf.js                            0.21 kB │ gzip:   0.20 kB │ map:     0.56 kB
../../../../../var/folders/jk/8nkp80d91cbb54qtm_fs8r4r0000gn/T/chromatic--55099-RL8hv1651k3v/assets/index.stories-b8657c97.js                      0.55 kB │ gzip:   0.36 kB │ map:     1.04 kB
../../../../../var/folders/jk/8nkp80d91cbb54qtm_fs8r4r0000gn/T/chromatic--55099-RL8hv1651k3v/assets/WithTooltip-5WWCYCAA-8a6d3d05.js               0.55 kB │ gzip:   0.33 kB │ map:     0.11 kB
../../../../../var/folders/jk/8nkp80d91cbb54qtm_fs8r4r0000gn/T/chromatic--55099-RL8hv1651k3v/assets/boards.stories-2bc0ddc2.js                     0.56 kB │ gzip:   0.36 kB │ map:     1.05 kB
../../../../../var/folders/jk/8nkp80d91cbb54qtm_fs8r4r0000gn/T/chromatic--55099-RL8hv1651k3v/assets/syntaxhighlighter-6JBF4TYN-1e7c546c.js         0.57 kB │ gzip:   0.36 kB │ map:     0.12 kB
../../../../../var/folders/jk/8nkp80d91cbb54qtm_fs8r4r0000gn/T/chromatic--55099-RL8hv1651k3v/assets/chunk-NNAAFZ4U-67fa674f.js                     0.59 kB │ gzip:   0.39 kB │ map:     2.15 kB
../../../../../var/folders/jk/8nkp80d91cbb54qtm_fs8r4r0000gn/T/chromatic--55099-RL8hv1651k3v/assets/index-6d7aa4ee.js                              0.62 kB │ gzip:   0.38 kB │ map:     4.32 kB
../../../../../var/folders/jk/8nkp80d91cbb54qtm_fs8r4r0000gn/T/chromatic--55099-RL8hv1651k3v/assets/client-6636c2e5.js                             0.62 kB │ gzip:   0.42 kB │ map:     1.02 kB
../../../../../var/folders/jk/8nkp80d91cbb54qtm_fs8r4r0000gn/T/chromatic--55099-RL8hv1651k3v/assets/_commonjsHelpers-042e6b4d.js                   0.78 kB │ gzip:   0.44 kB │ map:     0.11 kB
../../../../../var/folders/jk/8nkp80d91cbb54qtm_fs8r4r0000gn/T/chromatic--55099-RL8hv1651k3v/assets/preview-b7bc426c.js                            0.79 kB │ gzip:   0.54 kB │ map:     4.60 kB
../../../../../var/folders/jk/8nkp80d91cbb54qtm_fs8r4r0000gn/T/chromatic--55099-RL8hv1651k3v/assets/index-356e4a49.js                              0.81 kB │ gzip:   0.51 kB │ map:     3.28 kB
../../../../../var/folders/jk/8nkp80d91cbb54qtm_fs8r4r0000gn/T/chromatic--55099-RL8hv1651k3v/assets/preview-9896d83f.js                            0.82 kB │ gzip:   0.51 kB │ map:     1.44 kB
../../../../../var/folders/jk/8nkp80d91cbb54qtm_fs8r4r0000gn/T/chromatic--55099-RL8hv1651k3v/assets/preview-a1e285ec.js                            0.94 kB │ gzip:   0.60 kB │ map:     3.05 kB
../../../../../var/folders/jk/8nkp80d91cbb54qtm_fs8r4r0000gn/T/chromatic--55099-RL8hv1651k3v/assets/preview-f658c89a.js                            2.38 kB │ gzip:   1.27 kB │ map:    10.67 kB
../../../../../var/folders/jk/8nkp80d91cbb54qtm_fs8r4r0000gn/T/chromatic--55099-RL8hv1651k3v/assets/preview-f96f0111.js                            3.29 kB │ gzip:   1.41 kB │ map:    10.29 kB
../../../../../var/folders/jk/8nkp80d91cbb54qtm_fs8r4r0000gn/T/chromatic--55099-RL8hv1651k3v/assets/iframe-f75db4d9.js                             4.19 kB │ gzip:   1.59 kB │ map:     4.86 kB
../../../../../var/folders/jk/8nkp80d91cbb54qtm_fs8r4r0000gn/T/chromatic--55099-RL8hv1651k3v/assets/index-f1f749bf.js                              7.25 kB │ gzip:   2.96 kB │ map:    15.77 kB
../../../../../var/folders/jk/8nkp80d91cbb54qtm_fs8r4r0000gn/T/chromatic--55099-RL8hv1651k3v/assets/preview-62235626.js                            7.69 kB │ gzip:   1.60 kB │ map:    13.87 kB
../../../../../var/folders/jk/8nkp80d91cbb54qtm_fs8r4r0000gn/T/chromatic--55099-RL8hv1651k3v/assets/preview-e6f1f377.js                            7.97 kB │ gzip:   3.03 kB │ map:    28.36 kB
../../../../../var/folders/jk/8nkp80d91cbb54qtm_fs8r4r0000gn/T/chromatic--55099-RL8hv1651k3v/assets/GlobalScrollAreaStyles-XIHNDKUY-17f5e40e.js   10.25 kB │ gzip:   2.28 kB │ map:    15.78 kB
../../../../../var/folders/jk/8nkp80d91cbb54qtm_fs8r4r0000gn/T/chromatic--55099-RL8hv1651k3v/assets/_baseToString-2cc38b71.js                     10.57 kB │ gzip:   4.33 kB │ map:    78.81 kB
../../../../../var/folders/jk/8nkp80d91cbb54qtm_fs8r4r0000gn/T/chromatic--55099-RL8hv1651k3v/assets/preview-f5f759d2.js                           21.18 kB │ gzip:   7.04 kB │ map:    68.48 kB
../../../../../var/folders/jk/8nkp80d91cbb54qtm_fs8r4r0000gn/T/chromatic--55099-RL8hv1651k3v/assets/Color-3YIJY6X7-02575eaf.js                    31.11 kB │ gzip:  11.70 kB │ map:   113.13 kB
../../../../../var/folders/jk/8nkp80d91cbb54qtm_fs8r4r0000gn/T/chromatic--55099-RL8hv1651k3v/assets/TestApp-cc833d2a.js                           54.22 kB │ gzip:  18.31 kB │ map:   370.90 kB
../../../../../var/folders/jk/8nkp80d91cbb54qtm_fs8r4r0000gn/T/chromatic--55099-RL8hv1651k3v/assets/OverlayScrollbars-VAV6LJAB-cb87fc53.js        58.81 kB │ gzip:  25.22 kB │ map:   277.75 kB
../../../../../var/folders/jk/8nkp80d91cbb54qtm_fs8r4r0000gn/T/chromatic--55099-RL8hv1651k3v/assets/index-b4828ff4.js                             72.70 kB │ gzip:  26.74 kB │ map:   190.36 kB
../../../../../var/folders/jk/8nkp80d91cbb54qtm_fs8r4r0000gn/T/chromatic--55099-RL8hv1651k3v/assets/_getPrototype-9734ec51.js                    202.30 kB │ gzip:  62.76 kB │ map:   580.37 kB
../../../../../var/folders/jk/8nkp80d91cbb54qtm_fs8r4r0000gn/T/chromatic--55099-RL8hv1651k3v/assets/config-fb904cb0.js                           214.90 kB │ gzip:  66.99 kB │ map:   807.93 kB
../../../../../var/folders/jk/8nkp80d91cbb54qtm_fs8r4r0000gn/T/chromatic--55099-RL8hv1651k3v/assets/DocsRenderer-QMFTTPNP-352b9cd1.js            406.79 kB │ gzip: 131.67 kB │ map: 1,162.32 kB
../../../../../var/folders/jk/8nkp80d91cbb54qtm_fs8r4r0000gn/T/chromatic--55099-RL8hv1651k3v/assets/formatter-GCLXO5IP-a4dd0507.js               601.32 kB │ gzip: 185.01 kB │ map: 1,321.38 kB

(!) Some chunks are larger than 500 kBs after minification. Consider:
- Using dynamic import() to code-split the application
- Use build.rollupOptions.output.manualChunks to improve chunking: https://rollupjs.org/configuration-options/#output-manualchunks
- Adjust chunk size limit for this warning via build.chunkSizeWarningLimit.
info => Output directory: /var/folders/jk/8nkp80d91cbb54qtm_fs8r4r0000gn/T/chromatic--55099-RL8hv1651k3v
